<?xml version="1.0" encoding="UTF-8"?>
<!-- Generated by org.testng.reporters.JUnitReportReporter -->
<testsuite hostname="DESKTOP-GBGGO5N" failures="0" tests="2" name="tests.HomePageTest" time="68.356" errors="0" timestamp="2022-09-13T14:22:11 IST" skipped="0">
  <testcase classname="tests.HomePageTest" name="verifyMenuItems" time="45.098"/>
  <system-out/>
  <testcase classname="tests.HomePageTest" name="verifyUserName" time="23.258"/>
  <system-out/>
</testsuite> <!-- tests.HomePageTest -->
