<?xml version="1.0" encoding="UTF-8"?>
<!-- Generated by org.testng.reporters.JUnitReportReporter -->
<testsuite skipped="0" hostname="DESKTOP-GBGGO5N" name="tests.HomePageTest" tests="2" failures="0" timestamp="2022-09-11T08:19:25 IST" time="122.227" errors="0">
  <testcase name="verifyMenuItems" time="75.838" classname="tests.HomePageTest"/>
  <system-out/>
  <testcase name="verifyUserName" time="46.389" classname="tests.HomePageTest"/>
  <system-out/>
</testsuite> <!-- tests.HomePageTest -->
