<?xml version="1.0" encoding="UTF-8"?>
<!-- Generated by org.testng.reporters.JUnitReportReporter -->
<testsuite skipped="0" hostname="DESKTOP-GBGGO5N" name="tests.LeavePageTest" tests="2" failures="0" timestamp="2022-09-08T20:55:37 IST" time="40.210" errors="0">
  <testcase name="isSearchButtonPreset" time="13.499" classname="tests.LeavePageTest"/>
  <system-out/>
  <testcase name="isResetButtonPreset" time="26.711" classname="tests.LeavePageTest"/>
  <system-out/>
</testsuite> <!-- tests.LeavePageTest -->
