<?xml version="1.0" encoding="UTF-8"?>
<!-- Generated by org.testng.reporters.JUnitReportReporter -->
<testsuite skipped="0" hostname="DESKTOP-GBGGO5N" name="tests.HomePageTest" tests="2" failures="0" timestamp="2022-09-08T20:55:37 IST" time="31.812" errors="0">
  <testcase name="verifyMenuItems" time="13.511" classname="tests.HomePageTest"/>
  <system-out/>
  <testcase name="verifyUserName" time="18.301" classname="tests.HomePageTest"/>
  <system-out/>
</testsuite> <!-- tests.HomePageTest -->
