<?xml version="1.0" encoding="UTF-8"?>
<!-- Generated by org.testng.reporters.JUnitReportReporter -->
<testsuite hostname="DESKTOP-GBGGO5N" failures="0" tests="2" name="tests.LeavePageTest" time="97.757" errors="0" timestamp="2022-09-13T14:22:11 IST" skipped="0">
  <testcase classname="tests.LeavePageTest" name="isSearchButtonPreset" time="37.336"/>
  <system-out/>
  <testcase classname="tests.LeavePageTest" name="isResetButtonPreset" time="60.421"/>
  <system-out/>
</testsuite> <!-- tests.LeavePageTest -->
